[debug] [2022-04-20T01:57:53.230Z] ----------------------------------------------------------------------
[debug] [2022-04-20T01:57:53.233Z] Command:       C:\Program Files\nodejs\node.exe C:\Users\DEll\AppData\Roaming\npm\node_modules\firebase-tools\lib\bin\firebase.js init
[debug] [2022-04-20T01:57:53.233Z] CLI Version:   10.7.0
[debug] [2022-04-20T01:57:53.233Z] Platform:      win32
[debug] [2022-04-20T01:57:53.234Z] Node Version:  v16.14.0
[debug] [2022-04-20T01:57:53.235Z] Time:          Wed Apr 20 2022 07:27:53 GMT+0530 (India Standard Time)
[debug] [2022-04-20T01:57:53.235Z] ----------------------------------------------------------------------
[debug] 
[debug] [2022-04-20T01:57:53.354Z] > command requires scopes: ["email","openid","https://www.googleapis.com/auth/cloudplatformprojects.readonly","https://www.googleapis.com/auth/firebase","https://www.googleapis.com/auth/cloud-platform"]
[debug] [2022-04-20T01:57:53.355Z] > authorizing via signed-in user (arjungrover947@gmail.com)
[info] 
     ######## #### ########  ######## ########     ###     ######  ########
     ##        ##  ##     ## ##       ##     ##  ##   ##  ##       ##
     ######    ##  ########  ######   ########  #########  ######  ######
     ##        ##  ##    ##  ##       ##     ## ##     ##       ## ##
     ##       #### ##     ## ######## ########  ##     ##  ######  ########

You're about to initialize a Firebase project in this directory:

  C:\Users\DEll\Documents\GitHub\cp-disney-plus-clone

Before we get started, keep in mind:

  * You are initializing within an existing Firebase project directory

